This is pdfTeX, Version 3.141592653-2.6-1.40.28 (TeX Live 2025) (preloaded format=pdflatex 2025.7.17)  12 APR 2026 15:50
entering extended mode
 restricted \write18 enabled.
 file:line:error style messages enabled.
 %&-line parsing enabled.
**/Users/yzheng/Desktop/blr-pcp-formal-verification/blueprint/src/web
(/Users/yzheng/Desktop/blr-pcp-formal-verification/blueprint/src/web.tex
LaTeX2e <2025-06-01> patch level 1
L3 programming layer <2025-07-11>
(/usr/local/texlive/2025/texmf-dist/tex/latex/base/report.cls
Document Class: report 2025/01/22 v1.4n Standard LaTeX document class
(/usr/local/texlive/2025/texmf-dist/tex/latex/base/size10.clo
File: size10.clo 2025/01/22 v1.4n Standard LaTeX file (size option)
)
\c@part=\count275
\c@chapter=\count276
\c@section=\count277
\c@subsection=\count278
\c@subsubsection=\count279
\c@paragraph=\count280
\c@subparagraph=\count281
\c@figure=\count282
\c@table=\count283
\abovecaptionskip=\skip49
\belowcaptionskip=\skip50
\bibindent=\dimen148
) (/usr/local/texlive/2025/texmf-dist/tex/latex/amsfonts/amssymb.sty
Package: amssymb 2013/01/14 v3.01 AMS font symbols
 (/usr/local/texlive/2025/texmf-dist/tex/latex/amsfonts/amsfonts.sty
Package: amsfonts 2013/01/14 v3.01 Basic AMSFonts support
\@emptytoks=\toks17
\symAMSa=\mathgroup4
\symAMSb=\mathgroup5
LaTeX Font Info:    Redeclaring math symbol \hbar on input line 98.
LaTeX Font Info:    Overwriting math alphabet `\mathfrak' in version `bold'
(Font)                  U/euf/m/n --> U/euf/b/n on input line 106.
)) (/usr/local/texlive/2025/texmf-dist/tex/latex/amscls/amsthm.sty
Package: amsthm 2020/05/29 v2.20.6
\thm@style=\toks18
\thm@bodyfont=\toks19
\thm@headfont=\toks20
\thm@notefont=\toks21
\thm@headpunct=\toks22
\thm@preskip=\skip51
\thm@postskip=\skip52
\thm@headsep=\skip53
\dth@everypar=\toks23
) (/usr/local/texlive/2025/texmf-dist/tex/latex/amsmath/amsmath.sty
Package: amsmath 2025/06/16 v2.17y AMS math features
\@mathmargin=\skip54

For additional information on amsmath, use the `?' option.
(/usr/local/texlive/2025/texmf-dist/tex/latex/amsmath/amstext.sty
Package: amstext 2024/11/17 v2.01 AMS text
 (/usr/local/texlive/2025/texmf-dist/tex/latex/amsmath/amsgen.sty
File: amsgen.sty 1999/11/30 v2.0 generic functions
\@emptytoks=\toks24
\ex@=\dimen149
)) (/usr/local/texlive/2025/texmf-dist/tex/latex/amsmath/amsbsy.sty
Package: amsbsy 1999/11/29 v1.2d Bold Symbols
\pmbraise@=\dimen150
) (/usr/local/texlive/2025/texmf-dist/tex/latex/amsmath/amsopn.sty
Package: amsopn 2022/04/08 v2.04 operator names
)
\inf@bad=\count284
LaTeX Info: Redefining \frac on input line 233.
\uproot@=\count285
\leftroot@=\count286
LaTeX Info: Redefining \overline on input line 398.
LaTeX Info: Redefining \colon on input line 409.
\classnum@=\count287
\DOTSCASE@=\count288
LaTeX Info: Redefining \ldots on input line 495.
LaTeX Info: Redefining \dots on input line 498.
LaTeX Info: Redefining \cdots on input line 619.
\Mathstrutbox@=\box53
\strutbox@=\box54
LaTeX Info: Redefining \big on input line 721.
LaTeX Info: Redefining \Big on input line 722.
LaTeX Info: Redefining \bigg on input line 723.
LaTeX Info: Redefining \Bigg on input line 724.
\big@size=\dimen151
LaTeX Font Info:    Redeclaring font encoding OML on input line 742.
LaTeX Font Info:    Redeclaring font encoding OMS on input line 743.
\macc@depth=\count289
LaTeX Info: Redefining \bmod on input line 904.
LaTeX Info: Redefining \pmod on input line 909.
LaTeX Info: Redefining \smash on input line 939.
LaTeX Info: Redefining \relbar on input line 969.
LaTeX Info: Redefining \Relbar on input line 970.
\c@MaxMatrixCols=\count290
\dotsspace@=\muskip17
\c@parentequation=\count291
\dspbrk@lvl=\count292
\tag@help=\toks25
\row@=\count293
\column@=\count294
\maxfields@=\count295
\andhelp@=\toks26
\eqnshift@=\dimen152
\alignsep@=\dimen153
\tagshift@=\dimen154
\tagwidth@=\dimen155
\totwidth@=\dimen156
\lineht@=\dimen157
\@envbody=\toks27
\multlinegap=\skip55
\multlinetaggap=\skip56
\mathdisplay@stack=\toks28
LaTeX Info: Redefining \[ on input line 2949.
LaTeX Info: Redefining \] on input line 2950.
) (/usr/local/texlive/2025/texmf-dist/tex/latex/hyperref/hyperref.sty
Package: hyperref 2025-07-12 v7.01o Hypertext links for LaTeX
 (/usr/local/texlive/2025/texmf-dist/tex/generic/iftex/iftex.sty
Package: iftex 2024/12/12 v1.0g TeX engine tests
) (/usr/local/texlive/2025/texmf-dist/tex/latex/graphics/keyval.sty
Package: keyval 2022/05/29 v1.15 key=value parser (DPC)
\KV@toks@=\toks29
) (/usr/local/texlive/2025/texmf-dist/tex/latex/kvsetkeys/kvsetkeys.sty
Package: kvsetkeys 2022-10-05 v1.19 Key value parser (HO)
) (/usr/local/texlive/2025/texmf-dist/tex/generic/kvdefinekeys/kvdefinekeys.sty
Package: kvdefinekeys 2019-12-19 v1.6 Define keys (HO)
) (/usr/local/texlive/2025/texmf-dist/tex/generic/pdfescape/pdfescape.sty
Package: pdfescape 2019/12/09 v1.15 Implements pdfTeX's escape features (HO)
 (/usr/local/texlive/2025/texmf-dist/tex/generic/ltxcmds/ltxcmds.sty
Package: ltxcmds 2023-12-04 v1.26 LaTeX kernel commands for general use (HO)
) (/usr/local/texlive/2025/texmf-dist/tex/generic/pdftexcmds/pdftexcmds.sty
Package: pdftexcmds 2020-06-27 v0.33 Utility functions of pdfTeX for LuaTeX (HO)
 (/usr/local/texlive/2025/texmf-dist/tex/generic/infwarerr/infwarerr.sty
Package: infwarerr 2019/12/03 v1.5 Providing info/warning/error messages (HO)
)
Package pdftexcmds Info: \pdf@primitive is available.
Package pdftexcmds Info: \pdf@ifprimitive is available.
Package pdftexcmds Info: \pdfdraftmode found.
)) (/usr/local/texlive/2025/texmf-dist/tex/latex/hycolor/hycolor.sty
Package: hycolor 2020-01-27 v1.10 Color options for hyperref/bookmark (HO)
) (/usr/local/texlive/2025/texmf-dist/tex/latex/hyperref/nameref.sty
Package: nameref 2025-06-21 v2.57 Cross-referencing by name of section
 (/usr/local/texlive/2025/texmf-dist/tex/latex/refcount/refcount.sty
Package: refcount 2019/12/15 v3.6 Data extraction from label references (HO)
) (/usr/local/texlive/2025/texmf-dist/tex/generic/gettitlestring/gettitlestring.sty
Package: gettitlestring 2019/12/15 v1.6 Cleanup title references (HO)
 (/usr/local/texlive/2025/texmf-dist/tex/latex/kvoptions/kvoptions.sty
Package: kvoptions 2022-06-15 v3.15 Key value format for package options (HO)
))
\c@section@level=\count296
) (/usr/local/texlive/2025/texmf-dist/tex/latex/etoolbox/etoolbox.sty
Package: etoolbox 2025/02/11 v2.5l e-TeX tools for LaTeX (JAW)
\etb@tempcnta=\count297
) (/usr/local/texlive/2025/texmf-dist/tex/generic/stringenc/stringenc.sty
Package: stringenc 2019/11/29 v1.12 Convert strings between diff. encodings (HO)
)
\@linkdim=\dimen158
\Hy@linkcounter=\count298
\Hy@pagecounter=\count299
 (/usr/local/texlive/2025/texmf-dist/tex/latex/hyperref/pd1enc.def
File: pd1enc.def 2025-07-12 v7.01o Hyperref: PDFDocEncoding definition (HO)
Now handling font encoding PD1 ...
... no UTF-8 mapping file for font encoding PD1
) (/usr/local/texlive/2025/texmf-dist/tex/generic/intcalc/intcalc.sty
Package: intcalc 2019/12/15 v1.3 Expandable calculations with integers (HO)
)
\Hy@SavedSpaceFactor=\count300
 (/usr/local/texlive/2025/texmf-dist/tex/latex/hyperref/puenc.def
File: puenc.def 2025-07-12 v7.01o Hyperref: PDF Unicode definition (HO)
Now handling font encoding PU ...
... no UTF-8 mapping file for font encoding PU
)
Package hyperref Info: Hyper figures OFF on input line 4195.
Package hyperref Info: Link nesting OFF on input line 4200.
Package hyperref Info: Hyper index ON on input line 4203.
Package hyperref Info: Plain pages OFF on input line 4210.
Package hyperref Info: Backreferencing OFF on input line 4215.
Package hyperref Info: Implicit mode ON; LaTeX internals redefined.
Package hyperref Info: Bookmarks ON on input line 4462.
\c@Hy@tempcnt=\count301
 (/usr/local/texlive/2025/texmf-dist/tex/latex/url/url.sty
\Urlmuskip=\muskip18
Package: url 2013/09/16  ver 3.4  Verb mode for urls, etc.
)
LaTeX Info: Redefining \url on input line 4801.
\XeTeXLinkMargin=\dimen159
 (/usr/local/texlive/2025/texmf-dist/tex/generic/bitset/bitset.sty
Package: bitset 2019/12/09 v1.3 Handle bit-vector datatype (HO)
 (/usr/local/texlive/2025/texmf-dist/tex/generic/bigintcalc/bigintcalc.sty
Package: bigintcalc 2019/12/15 v1.5 Expandable calculations on big integers (HO)
))
\Fld@menulength=\count302
\Field@Width=\dimen160
\Fld@charsize=\dimen161
Package hyperref Info: Hyper figures OFF on input line 6078.
Package hyperref Info: Link nesting OFF on input line 6083.
Package hyperref Info: Hyper index ON on input line 6086.
Package hyperref Info: backreferencing OFF on input line 6093.
Package hyperref Info: Link coloring OFF on input line 6098.
Package hyperref Info: Link coloring with OCG OFF on input line 6103.
Package hyperref Info: PDF/A mode OFF on input line 6108.
\Hy@abspage=\count303
\c@Item=\count304
\c@Hfootnote=\count305
)
Package hyperref Info: Driver (autodetected): hpdftex.
 (/usr/local/texlive/2025/texmf-dist/tex/latex/hyperref/hpdftex.def
File: hpdftex.def 2025-07-12 v7.01o Hyperref driver for pdfTeX
\Fld@listcount=\count306
\c@bookmark@seq@number=\count307
 (/usr/local/texlive/2025/texmf-dist/tex/latex/rerunfilecheck/rerunfilecheck.sty
Package: rerunfilecheck 2025-06-21 v1.11 Rerun checks for auxiliary files (HO)
 (/usr/local/texlive/2025/texmf-dist/tex/generic/uniquecounter/uniquecounter.sty
Package: uniquecounter 2019/12/15 v1.4 Provide unlimited unique counter (HO)
)
Package uniquecounter Info: New unique counter `rerunfilecheck' on input line 284.
)
\Hy@SectionHShift=\skip57
) (./blueprint.sty) (./macros/common.tex
\c@theorem=\count308
) (./macros/web.tex)
/Users/yzheng/Desktop/blr-pcp-formal-verification/blueprint/src/web.tex:16: Undefined control sequence.
l.16 \home
          {https://yuxi-zheng.github.io/blr-pcp-formal-verification}
The control sequence at the end of the top line
of your error message was never \def'ed. If you have
misspelled it (e.g., `\hobx'), type `I' and the correct
spelling (e.g., `I\hbox'). Otherwise just continue,
and I'll forget about whatever was undefined.


/Users/yzheng/Desktop/blr-pcp-formal-verification/blueprint/src/web.tex:16: LaTeX Error: Missing \begin{document}.

See the LaTeX manual or LaTeX Companion for explanation.
Type  H <return>  for immediate help.
 ...                                              
                                                  
l.16 \home{h
            ttps://yuxi-zheng.github.io/blr-pcp-formal-verification}
You're in trouble here.  Try typing  <return>  to proceed.
If that doesn't work, type  X <return>  to quit.

/Users/yzheng/Desktop/blr-pcp-formal-verification/blueprint/src/web.tex:17: Undefined control sequence.
l.17 \github
            {https://github.com/yuxi-zheng/blr-pcp-formal-verification}
The control sequence at the end of the top line
of your error message was never \def'ed. If you have
misspelled it (e.g., `\hobx'), type `I' and the correct
spelling (e.g., `I\hbox'). Otherwise just continue,
and I'll forget about whatever was undefined.

/Users/yzheng/Desktop/blr-pcp-formal-verification/blueprint/src/web.tex:18: Undefined control sequence.
l.18 \dochome
             {https://yuxi-zheng.github.io/blr-pcp-formal-verification/docs}
The control sequence at the end of the top line
of your error message was never \def'ed. If you have
misspelled it (e.g., `\hobx'), type `I' and the correct
spelling (e.g., `I\hbox'). Otherwise just continue,
and I'll forget about whatever was undefined.


Overfull \hbox (26.86198pt too wide) in paragraph at lines 16--19
[]\OT1/cmr/m/n/10 https://yuxi-zheng.github.io/blr-pcp-formal-verification https://github.com/yuxi-
 []

(/usr/local/texlive/2025/texmf-dist/tex/latex/l3backend/l3backend-pdftex.def
File: l3backend-pdftex.def 2025-06-09 L3 backend support: PDF output (pdfTeX)
\l__color_backend_stack_int=\count309
)
No file web.aux.
\openout1 = `web.aux'.

LaTeX Font Info:    Checking defaults for OML/cmm/m/it on input line 23.
LaTeX Font Info:    ... okay on input line 23.
LaTeX Font Info:    Checking defaults for OMS/cmsy/m/n on input line 23.
LaTeX Font Info:    ... okay on input line 23.
LaTeX Font Info:    Checking defaults for OT1/cmr/m/n on input line 23.
LaTeX Font Info:    ... okay on input line 23.
LaTeX Font Info:    Checking defaults for T1/cmr/m/n on input line 23.
LaTeX Font Info:    ... okay on input line 23.
LaTeX Font Info:    Checking defaults for TS1/cmr/m/n on input line 23.
LaTeX Font Info:    ... okay on input line 23.
LaTeX Font Info:    Checking defaults for OMX/cmex/m/n on input line 23.
LaTeX Font Info:    ... okay on input line 23.
LaTeX Font Info:    Checking defaults for U/cmr/m/n on input line 23.
LaTeX Font Info:    ... okay on input line 23.
LaTeX Font Info:    Checking defaults for PD1/pdf/m/n on input line 23.
LaTeX Font Info:    ... okay on input line 23.
LaTeX Font Info:    Checking defaults for PU/pdf/m/n on input line 23.
LaTeX Font Info:    ... okay on input line 23.
Package hyperref Info: Link coloring OFF on input line 23.
\@outlinefile=\write3
\openout3 = `web.out'.



[1

{/usr/local/texlive/2025/texmf-var/fonts/map/pdftex/updmap/pdftex.map}]
LaTeX Font Info:    Trying to load font information for U+msa on input line 25.
 (/usr/local/texlive/2025/texmf-dist/tex/latex/amsfonts/umsa.fd
File: umsa.fd 2013/01/14 v3.01 AMS symbols A
)
LaTeX Font Info:    Trying to load font information for U+msb on input line 25.
 (/usr/local/texlive/2025/texmf-dist/tex/latex/amsfonts/umsb.fd
File: umsb.fd 2013/01/14 v3.01 AMS symbols B
)


pdfTeX warning (ext4): destination with the same identifier (name{page.1}) has been already used, duplicate ignored
<to be read again> 
                   \relax 
l.25 \tableofcontents
                      [1]
No file web.toc.
\tf@toc=\write4
\openout4 = `web.toc'.

(./content.tex (../../.lake/build/blueprint/library/BlrPcp.tex (/Users/yzheng/Desktop/blr-pcp-formal-verification/.lake/build/blueprint/module/BlrPcp/Basic.tex) (/Users/yzheng/Desktop/blr-pcp-formal-verification/.lake/build/blueprint/module/BlrPcp.tex)) (/Users/yzheng/Desktop/blr-pcp-formal-verification/.lake/build/blueprint/module/BlrPcp/Basic.artifacts/def:ff-linear.tex
/Users/yzheng/Desktop/blr-pcp-formal-verification/.lake/build/blueprint/module/BlrPcp/Basic.artifacts/def:ff-linear.tex:3: Undefined control sequence.
l.3 \lean
         {BlrPcp.IsLinear}
The control sequence at the end of the top line
of your error message was never \def'ed. If you have
misspelled it (e.g., `\hobx'), type `I' and the correct
spelling (e.g., `I\hbox'). Otherwise just continue,
and I'll forget about whatever was undefined.

/Users/yzheng/Desktop/blr-pcp-formal-verification/.lake/build/blueprint/module/BlrPcp/Basic.artifacts/def:ff-linear.tex:5: Undefined control sequence.
l.5 \leanok
           
The control sequence at the end of the top line
of your error message was never \def'ed. If you have
misspelled it (e.g., `\hobx'), type `I' and the correct
spelling (e.g., `I\hbox'). Otherwise just continue,
and I'll forget about whatever was undefined.

) (/Users/yzheng/Desktop/blr-pcp-formal-verification/.lake/build/blueprint/module/BlrPcp/Basic.artifacts/def:ff-blr-test.tex
/Users/yzheng/Desktop/blr-pcp-formal-verification/.lake/build/blueprint/module/BlrPcp/Basic.artifacts/def:ff-blr-test.tex:3: Undefined control sequence.
l.3 \lean
         {BlrPcp.BLRAcceptsAt}
The control sequence at the end of the top line
of your error message was never \def'ed. If you have
misspelled it (e.g., `\hobx'), type `I' and the correct
spelling (e.g., `I\hbox'). Otherwise just continue,
and I'll forget about whatever was undefined.

/Users/yzheng/Desktop/blr-pcp-formal-verification/.lake/build/blueprint/module/BlrPcp/Basic.artifacts/def:ff-blr-test.tex:5: Undefined control sequence.
l.5 \leanok
           
The control sequence at the end of the top line
of your error message was never \def'ed. If you have
misspelled it (e.g., `\hobx'), type `I' and the correct
spelling (e.g., `I\hbox'). Otherwise just continue,
and I'll forget about whatever was undefined.

) (/Users/yzheng/Desktop/blr-pcp-formal-verification/.lake/build/blueprint/module/BlrPcp/Basic.artifacts/def:ff-blr-reject-prob.tex
/Users/yzheng/Desktop/blr-pcp-formal-verification/.lake/build/blueprint/module/BlrPcp/Basic.artifacts/def:ff-blr-reject-prob.tex:3: Undefined control sequence.
l.3 \lean
         {BlrPcp.rejectionProbabilityBLR}
The control sequence at the end of the top line
of your error message was never \def'ed. If you have
misspelled it (e.g., `\hobx'), type `I' and the correct
spelling (e.g., `I\hbox'). Otherwise just continue,
and I'll forget about whatever was undefined.

/Users/yzheng/Desktop/blr-pcp-formal-verification/.lake/build/blueprint/module/BlrPcp/Basic.artifacts/def:ff-blr-reject-prob.tex:5: Undefined control sequence.
l.5 \leanok
           
The control sequence at the end of the top line
of your error message was never \def'ed. If you have
misspelled it (e.g., `\hobx'), type `I' and the correct
spelling (e.g., `I\hbox'). Otherwise just continue,
and I'll forget about whatever was undefined.

) (/Users/yzheng/Desktop/blr-pcp-formal-verification/.lake/build/blueprint/module/BlrPcp/Basic.artifacts/def:ff-additive-characters.tex
/Users/yzheng/Desktop/blr-pcp-formal-verification/.lake/build/blueprint/module/BlrPcp/Basic.artifacts/def:ff-additive-characters.tex:3: Undefined control sequence.
l.3 \lean
         {BlrPcp.HasAdditiveCharacters}
The control sequence at the end of the top line
of your error message was never \def'ed. If you have
misspelled it (e.g., `\hobx'), type `I' and the correct
spelling (e.g., `I\hbox'). Otherwise just continue,
and I'll forget about whatever was undefined.

/Users/yzheng/Desktop/blr-pcp-formal-verification/.lake/build/blueprint/module/BlrPcp/Basic.artifacts/def:ff-additive-characters.tex:5: Undefined control sequence.
l.5 \leanok
           
The control sequence at the end of the top line
of your error message was never \def'ed. If you have
misspelled it (e.g., `\hobx'), type `I' and the correct
spelling (e.g., `I\hbox'). Otherwise just continue,
and I'll forget about whatever was undefined.

) (/Users/yzheng/Desktop/blr-pcp-formal-verification/.lake/build/blueprint/module/BlrPcp/Basic.artifacts/lem:ff-characters-orthonormal.tex
/Users/yzheng/Desktop/blr-pcp-formal-verification/.lake/build/blueprint/module/BlrPcp/Basic.artifacts/lem:ff-characters-orthonormal.tex:2: Undefined control sequence.
<recently read> \uses 
                      
l.2 \uses
         {def:ff-additive-characters}
The control sequence at the end of the top line
of your error message was never \def'ed. If you have
misspelled it (e.g., `\hobx'), type `I' and the correct
spelling (e.g., `I\hbox'). Otherwise just continue,
and I'll forget about whatever was undefined.

/Users/yzheng/Desktop/blr-pcp-formal-verification/.lake/build/blueprint/module/BlrPcp/Basic.artifacts/lem:ff-characters-orthonormal.tex:4: Undefined control sequence.
l.4 \lean
         {BlrPcp.characters_orthonormal_basis}
The control sequence at the end of the top line
of your error message was never \def'ed. If you have
misspelled it (e.g., `\hobx'), type `I' and the correct
spelling (e.g., `I\hbox'). Otherwise just continue,
and I'll forget about whatever was undefined.

/Users/yzheng/Desktop/blr-pcp-formal-verification/.lake/build/blueprint/module/BlrPcp/Basic.artifacts/lem:ff-characters-orthonormal.tex:4: Missing $ inserted.
<inserted text> 
                $
l.4 \lean{BlrPcp.characters_
                            orthonormal_basis}
I've inserted a begin-math/end-math symbol since I think
you left one out. Proceed, with fingers crossed.

/Users/yzheng/Desktop/blr-pcp-formal-verification/.lake/build/blueprint/module/BlrPcp/Basic.artifacts/lem:ff-characters-orthonormal.tex:4: Extra }, or forgotten $.
l.4 \lean{BlrPcp.characters_orthonormal_basis}
                                              
I've deleted a group-closing symbol because it seems to be
spurious, as in `$x}$'. But perhaps the } is legitimate and
you forgot something else, as in `\hbox{$x}'. In such cases
the way to recover is to insert both the forgotten and the
deleted material, e.g., by typing `I$}'.

/Users/yzheng/Desktop/blr-pcp-formal-verification/.lake/build/blueprint/module/BlrPcp/Basic.artifacts/lem:ff-characters-orthonormal.tex:6: Undefined control sequence.
l.6 \leanok
           
The control sequence at the end of the top line
of your error message was never \def'ed. If you have
misspelled it (e.g., `\hobx'), type `I' and the correct
spelling (e.g., `I\hbox'). Otherwise just continue,
and I'll forget about whatever was undefined.

LaTeX Font Info:    Trying to load font information for OMS+cmr on input line 7.
(/usr/local/texlive/2025/texmf-dist/tex/latex/base/omscmr.fd
File: omscmr.fd 2024/11/19 v2.5n Standard LaTeX font definitions
)
LaTeX Font Info:    Font shape `OMS/cmr/m/it' in size <10> not available
(Font)              Font shape `OMS/cmsy/m/n' tried instead on input line 7.

/Users/yzheng/Desktop/blr-pcp-formal-verification/.lake/build/blueprint/module/BlrPcp/Basic.artifacts/lem:ff-characters-orthonormal.tex:7: Missing $ inserted.
<inserted text> 
                $
l.7 The family $\{\chi
                      _\alpha\}_{\alpha \in \mathbb{F}_q^n}$ is an
I've inserted a begin-math/end-math symbol since I think
you left one out. Proceed, with fingers crossed.


Overfull \hbox (73.55084pt too wide) in paragraph at lines 2--10
[]\OT1/cmr/bx/n/10 Theorem 5. \OT1/cmr/m/it/10 def:ff-additive-characters []BlrPcp.characters$[]\OML/cmm/m/it/10 rthonormal[]asisThefamily$\OMS/cmsy/m/n/10 f$\OML/cmm/m/it/10 ^^_[]\OMS/cmsy/m/n/10 g[]$
 []

/Users/yzheng/Desktop/blr-pcp-formal-verification/.lake/build/blueprint/module/BlrPcp/Basic.artifacts/lem:ff-characters-orthonormal.tex:13: Missing } inserted.
<inserted text> 
                }
l.13 \end{theorem}
                  
I've inserted something that you may have forgotten.
(See the <inserted text> above.)
With luck, this will get me unwedged. But if you
really didn't forget anything, try typing `2' now; then
my insertion and my current dilemma will both disappear.

) (/Users/yzheng/Desktop/blr-pcp-formal-verification/.lake/build/blueprint/module/BlrPcp/Basic.artifacts/lem:ff-fourier-expansion.tex
/Users/yzheng/Desktop/blr-pcp-formal-verification/.lake/build/blueprint/module/BlrPcp/Basic.artifacts/lem:ff-fourier-expansion.tex:3: Undefined control sequence.
l.3 \lean
         {BlrPcp.fourier_expansion}
The control sequence at the end of the top line
of your error message was never \def'ed. If you have
misspelled it (e.g., `\hobx'), type `I' and the correct
spelling (e.g., `I\hbox'). Otherwise just continue,
and I'll forget about whatever was undefined.

/Users/yzheng/Desktop/blr-pcp-formal-verification/.lake/build/blueprint/module/BlrPcp/Basic.artifacts/lem:ff-fourier-expansion.tex:3: Missing $ inserted.
<inserted text> 
                $
l.3 \lean{BlrPcp.fourier_
                         expansion}
I've inserted a begin-math/end-math symbol since I think
you left one out. Proceed, with fingers crossed.

/Users/yzheng/Desktop/blr-pcp-formal-verification/.lake/build/blueprint/module/BlrPcp/Basic.artifacts/lem:ff-fourier-expansion.tex:3: Extra }, or forgotten $.
l.3 \lean{BlrPcp.fourier_expansion}
                                   
I've deleted a group-closing symbol because it seems to be
spurious, as in `$x}$'. But perhaps the } is legitimate and
you forgot something else, as in `\hbox{$x}'. In such cases
the way to recover is to insert both the forgotten and the
deleted material, e.g., by typing `I$}'.

/Users/yzheng/Desktop/blr-pcp-formal-verification/.lake/build/blueprint/module/BlrPcp/Basic.artifacts/lem:ff-fourier-expansion.tex:5: Undefined control sequence.
l.5 \leanok
           
The control sequence at the end of the top line
of your error message was never \def'ed. If you have
misspelled it (e.g., `\hobx'), type `I' and the correct
spelling (e.g., `I\hbox'). Otherwise just continue,
and I'll forget about whatever was undefined.


/Users/yzheng/Desktop/blr-pcp-formal-verification/.lake/build/blueprint/module/BlrPcp/Basic.artifacts/lem:ff-fourier-expansion.tex:6: LaTeX Error: \mathbb allowed only in math mode.

See the LaTeX manual or LaTeX Companion for explanation.
Type  H <return>  for immediate help.
 ...                                              
                                                  
l.6 Every function $g : \mathbb
                               {F}_q^n \to \mathbb{C}$ has a unique
You're in trouble here.  Try typing  <return>  to proceed.
If that doesn't work, type  X <return>  to quit.

/Users/yzheng/Desktop/blr-pcp-formal-verification/.lake/build/blueprint/module/BlrPcp/Basic.artifacts/lem:ff-fourier-expansion.tex:6: Missing $ inserted.
<inserted text> 
                $
l.6 Every function $g : \mathbb{F}_
                                   q^n \to \mathbb{C}$ has a unique
I've inserted a begin-math/end-math symbol since I think
you left one out. Proceed, with fingers crossed.

/Users/yzheng/Desktop/blr-pcp-formal-verification/.lake/build/blueprint/module/BlrPcp/Basic.artifacts/lem:ff-fourier-expansion.tex:11: Missing } inserted.
<inserted text> 
                }
l.11 \end{theorem}
                  
I've inserted something that you may have forgotten.
(See the <inserted text> above.)
With luck, this will get me unwedged. But if you
really didn't forget anything, try typing `2' now; then
my insertion and my current dilemma will both disappear.

) (/Users/yzheng/Desktop/blr-pcp-formal-verification/.lake/build/blueprint/module/BlrPcp/Basic.artifacts/lem:ff-parseval-plancherel.tex
/Users/yzheng/Desktop/blr-pcp-formal-verification/.lake/build/blueprint/module/BlrPcp/Basic.artifacts/lem:ff-parseval-plancherel.tex:3: Undefined control sequence.
l.3 \lean
         {BlrPcp.parseval_plancherel}
The control sequence at the end of the top line
of your error message was never \def'ed. If you have
misspelled it (e.g., `\hobx'), type `I' and the correct
spelling (e.g., `I\hbox'). Otherwise just continue,
and I'll forget about whatever was undefined.

/Users/yzheng/Desktop/blr-pcp-formal-verification/.lake/build/blueprint/module/BlrPcp/Basic.artifacts/lem:ff-parseval-plancherel.tex:3: Missing $ inserted.
<inserted text> 
                $
l.3 \lean{BlrPcp.parseval_
                          plancherel}
I've inserted a begin-math/end-math symbol since I think
you left one out. Proceed, with fingers crossed.

/Users/yzheng/Desktop/blr-pcp-formal-verification/.lake/build/blueprint/module/BlrPcp/Basic.artifacts/lem:ff-parseval-plancherel.tex:3: Extra }, or forgotten $.
l.3 \lean{BlrPcp.parseval_plancherel}
                                     
I've deleted a group-closing symbol because it seems to be
spurious, as in `$x}$'. But perhaps the } is legitimate and
you forgot something else, as in `\hbox{$x}'. In such cases
the way to recover is to insert both the forgotten and the
deleted material, e.g., by typing `I$}'.

/Users/yzheng/Desktop/blr-pcp-formal-verification/.lake/build/blueprint/module/BlrPcp/Basic.artifacts/lem:ff-parseval-plancherel.tex:5: Undefined control sequence.
l.5 \leanok
           
The control sequence at the end of the top line
of your error message was never \def'ed. If you have
misspelled it (e.g., `\hobx'), type `I' and the correct
spelling (e.g., `I\hbox'). Otherwise just continue,
and I'll forget about whatever was undefined.


/Users/yzheng/Desktop/blr-pcp-formal-verification/.lake/build/blueprint/module/BlrPcp/Basic.artifacts/lem:ff-parseval-plancherel.tex:7: LaTeX Error: Bad math environment delimiter.

See the LaTeX manual or LaTeX Companion for explanation.
Type  H <return>  for immediate help.
 ...                                              
                                                  
l.7   \[
        
Your command was ignored.
Type  I <command> <return>  to replace it with another command,
or  <return>  to continue without it.

/Users/yzheng/Desktop/blr-pcp-formal-verification/.lake/build/blueprint/module/BlrPcp/Basic.artifacts/lem:ff-parseval-plancherel.tex:11: Missing \endgroup inserted.
<inserted text> 
                \endgroup 
l.11   \]
         
I've inserted something that you may have forgotten.
(See the <inserted text> above.)
With luck, this will get me unwedged. But if you
really didn't forget anything, try typing `2' now; then
my insertion and my current dilemma will both disappear.


/Users/yzheng/Desktop/blr-pcp-formal-verification/.lake/build/blueprint/module/BlrPcp/Basic.artifacts/lem:ff-parseval-plancherel.tex:11: LaTeX Error: \begin{theorem} on input line 1 ended by \end{equation*}.

See the LaTeX manual or LaTeX Companion for explanation.
Type  H <return>  for immediate help.
 ...                                              
                                                  
l.11   \]
         
Your command was ignored.
Type  I <command> <return>  to replace it with another command,
or  <return>  to continue without it.

/Users/yzheng/Desktop/blr-pcp-formal-verification/.lake/build/blueprint/module/BlrPcp/Basic.artifacts/lem:ff-parseval-plancherel.tex:11: Missing $ inserted.
<inserted text> 
                $
l.11   \]
         
I've inserted something that you may have forgotten.
(See the <inserted text> above.)
With luck, this will get me unwedged. But if you
really didn't forget anything, try typing `2' now; then
my insertion and my current dilemma will both disappear.

/Users/yzheng/Desktop/blr-pcp-formal-verification/.lake/build/blueprint/module/BlrPcp/Basic.artifacts/lem:ff-parseval-plancherel.tex:11: Missing } inserted.
<inserted text> 
                }
l.11   \]
         
I've inserted something that you may have forgotten.
(See the <inserted text> above.)
With luck, this will get me unwedged. But if you
really didn't forget anything, try typing `2' now; then
my insertion and my current dilemma will both disappear.


/Users/yzheng/Desktop/blr-pcp-formal-verification/.lake/build/blueprint/module/BlrPcp/Basic.artifacts/lem:ff-parseval-plancherel.tex:12: LaTeX Error: \begin{document} ended by \end{theorem}.

See the LaTeX manual or LaTeX Companion for explanation.
Type  H <return>  for immediate help.
 ...                                              
                                                  
l.12 \end{theorem}
                  
Your command was ignored.
Type  I <command> <return>  to replace it with another command,
or  <return>  to continue without it.

/Users/yzheng/Desktop/blr-pcp-formal-verification/.lake/build/blueprint/module/BlrPcp/Basic.artifacts/lem:ff-parseval-plancherel.tex:12: Extra \endgroup.
\end  ...end#1\endcsname \@checkend {#1}\endgroup 
                                                  \UseHook {env/#1/after}\if...
l.12 \end{theorem}
                  
Things are pretty mixed up, but I think the worst is over.

) (/Users/yzheng/Desktop/blr-pcp-formal-verification/.lake/build/blueprint/module/BlrPcp/Basic.artifacts/def:ff-fourier-set.tex
/Users/yzheng/Desktop/blr-pcp-formal-verification/.lake/build/blueprint/module/BlrPcp/Basic.artifacts/def:ff-fourier-set.tex:3: Undefined control sequence.
l.3 \lean
         {BlrPcp.HasFourierSet}
The control sequence at the end of the top line
of your error message was never \def'ed. If you have
misspelled it (e.g., `\hobx'), type `I' and the correct
spelling (e.g., `I\hbox'). Otherwise just continue,
and I'll forget about whatever was undefined.

/Users/yzheng/Desktop/blr-pcp-formal-verification/.lake/build/blueprint/module/BlrPcp/Basic.artifacts/def:ff-fourier-set.tex:5: Undefined control sequence.
l.5 \leanok
           
The control sequence at the end of the top line
of your error message was never \def'ed. If you have
misspelled it (e.g., `\hobx'), type `I' and the correct
spelling (e.g., `I\hbox'). Otherwise just continue,
and I'll forget about whatever was undefined.




pdfTeX warning (ext4): destination with the same identifier (name{page.1}) has been already used, duplicate ignored
<to be read again> 
                   \relax 
l.11   \]
          [1

]) (/Users/yzheng/Desktop/blr-pcp-formal-verification/.lake/build/blueprint/module/BlrPcp/Basic.artifacts/lem:ff-distance-formula.tex
/Users/yzheng/Desktop/blr-pcp-formal-verification/.lake/build/blueprint/module/BlrPcp/Basic.artifacts/lem:ff-distance-formula.tex:3: Undefined control sequence.
l.3 \lean
         {BlrPcp.distance_formula_via_fourier_sets}
The control sequence at the end of the top line
of your error message was never \def'ed. If you have
misspelled it (e.g., `\hobx'), type `I' and the correct
spelling (e.g., `I\hbox'). Otherwise just continue,
and I'll forget about whatever was undefined.

/Users/yzheng/Desktop/blr-pcp-formal-verification/.lake/build/blueprint/module/BlrPcp/Basic.artifacts/lem:ff-distance-formula.tex:3: Missing $ inserted.
<inserted text> 
                $
l.3 \lean{BlrPcp.distance_
                          formula_via_fourier_sets}
I've inserted a begin-math/end-math symbol since I think
you left one out. Proceed, with fingers crossed.

/Users/yzheng/Desktop/blr-pcp-formal-verification/.lake/build/blueprint/module/BlrPcp/Basic.artifacts/lem:ff-distance-formula.tex:3: Extra }, or forgotten $.
l.3 ...n{BlrPcp.distance_formula_via_fourier_sets}
                                                  
I've deleted a group-closing symbol because it seems to be
spurious, as in `$x}$'. But perhaps the } is legitimate and
you forgot something else, as in `\hbox{$x}'. In such cases
the way to recover is to insert both the forgotten and the
deleted material, e.g., by typing `I$}'.

/Users/yzheng/Desktop/blr-pcp-formal-verification/.lake/build/blueprint/module/BlrPcp/Basic.artifacts/lem:ff-distance-formula.tex:5: Undefined control sequence.
l.5 \leanok
           
The control sequence at the end of the top line
of your error message was never \def'ed. If you have
misspelled it (e.g., `\hobx'), type `I' and the correct
spelling (e.g., `I\hbox'). Otherwise just continue,
and I'll forget about whatever was undefined.


/Users/yzheng/Desktop/blr-pcp-formal-verification/.lake/build/blueprint/module/BlrPcp/Basic.artifacts/lem:ff-distance-formula.tex:6: LaTeX Error: \mathbb allowed only in math mode.

See the LaTeX manual or LaTeX Companion for explanation.
Type  H <return>  for immediate help.
 ...                                              
                                                  
l.6 If $f,g : \mathbb
                     {F}_q^n \to \mathbb{F}_q$ have Fourier sets
You're in trouble here.  Try typing  <return>  to proceed.
If that doesn't work, type  X <return>  to quit.

/Users/yzheng/Desktop/blr-pcp-formal-verification/.lake/build/blueprint/module/BlrPcp/Basic.artifacts/lem:ff-distance-formula.tex:6: Missing $ inserted.
<inserted text> 
                $
l.6 If $f,g : \mathbb{F}_
                         q^n \to \mathbb{F}_q$ have Fourier sets
I've inserted a begin-math/end-math symbol since I think
you left one out. Proceed, with fingers crossed.

/Users/yzheng/Desktop/blr-pcp-formal-verification/.lake/build/blueprint/module/BlrPcp/Basic.artifacts/lem:ff-distance-formula.tex:14: Missing } inserted.
<inserted text> 
                }
l.14 \end{theorem}
                  
I've inserted something that you may have forgotten.
(See the <inserted text> above.)
With luck, this will get me unwedged. But if you
really didn't forget anything, try typing `2' now; then
my insertion and my current dilemma will both disappear.

) (/Users/yzheng/Desktop/blr-pcp-formal-verification/.lake/build/blueprint/module/BlrPcp/Basic.artifacts/lem:ff-distance-to-linearity.tex
/Users/yzheng/Desktop/blr-pcp-formal-verification/.lake/build/blueprint/module/BlrPcp/Basic.artifacts/lem:ff-distance-to-linearity.tex:3: Undefined control sequence.
l.3 \lean
         {BlrPcp.distance_to_linearity_formula}
The control sequence at the end of the top line
of your error message was never \def'ed. If you have
misspelled it (e.g., `\hobx'), type `I' and the correct
spelling (e.g., `I\hbox'). Otherwise just continue,
and I'll forget about whatever was undefined.

/Users/yzheng/Desktop/blr-pcp-formal-verification/.lake/build/blueprint/module/BlrPcp/Basic.artifacts/lem:ff-distance-to-linearity.tex:3: Missing $ inserted.
<inserted text> 
                $
l.3 \lean{BlrPcp.distance_
                          to_linearity_formula}
I've inserted a begin-math/end-math symbol since I think
you left one out. Proceed, with fingers crossed.

/Users/yzheng/Desktop/blr-pcp-formal-verification/.lake/build/blueprint/module/BlrPcp/Basic.artifacts/lem:ff-distance-to-linearity.tex:3: Extra }, or forgotten $.
l.3 \lean{BlrPcp.distance_to_linearity_formula}
                                               
I've deleted a group-closing symbol because it seems to be
spurious, as in `$x}$'. But perhaps the } is legitimate and
you forgot something else, as in `\hbox{$x}'. In such cases
the way to recover is to insert both the forgotten and the
deleted material, e.g., by typing `I$}'.

/Users/yzheng/Desktop/blr-pcp-formal-verification/.lake/build/blueprint/module/BlrPcp/Basic.artifacts/lem:ff-distance-to-linearity.tex:5: Undefined control sequence.
l.5 \leanok
           
The control sequence at the end of the top line
of your error message was never \def'ed. If you have
misspelled it (e.g., `\hobx'), type `I' and the correct
spelling (e.g., `I\hbox'). Otherwise just continue,
and I'll forget about whatever was undefined.

/Users/yzheng/Desktop/blr-pcp-formal-verification/.lake/build/blueprint/module/BlrPcp/Basic.artifacts/lem:ff-distance-to-linearity.tex:6: Missing $ inserted.
<inserted text> 
                $
l.6 If $f$ has Fourier set $\{\varphi
                                     _c\}_{c \in \mathbb{F}_q^\times}$,
I've inserted a begin-math/end-math symbol since I think
you left one out. Proceed, with fingers crossed.

/Users/yzheng/Desktop/blr-pcp-formal-verification/.lake/build/blueprint/module/BlrPcp/Basic.artifacts/lem:ff-distance-to-linearity.tex:13: Missing } inserted.
<inserted text> 
                }
l.13 \end{theorem}
                  
I've inserted something that you may have forgotten.
(See the <inserted text> above.)
With luck, this will get me unwedged. But if you
really didn't forget anything, try typing `2' now; then
my insertion and my current dilemma will both disappear.

) (/Users/yzheng/Desktop/blr-pcp-formal-verification/.lake/build/blueprint/module/BlrPcp/Basic.artifacts/lem:ff-spectral-bound.tex
/Users/yzheng/Desktop/blr-pcp-formal-verification/.lake/build/blueprint/module/BlrPcp/Basic.artifacts/lem:ff-spectral-bound.tex:2: Undefined control sequence.
<recently read> \uses 
                      
l.2 \uses
         {def:ff-blr-reject-prob}
The control sequence at the end of the top line
of your error message was never \def'ed. If you have
misspelled it (e.g., `\hobx'), type `I' and the correct
spelling (e.g., `I\hbox'). Otherwise just continue,
and I'll forget about whatever was undefined.

/Users/yzheng/Desktop/blr-pcp-formal-verification/.lake/build/blueprint/module/BlrPcp/Basic.artifacts/lem:ff-spectral-bound.tex:4: Undefined control sequence.
l.4 \lean
         {BlrPcp.spectral_lower_bound}
The control sequence at the end of the top line
of your error message was never \def'ed. If you have
misspelled it (e.g., `\hobx'), type `I' and the correct
spelling (e.g., `I\hbox'). Otherwise just continue,
and I'll forget about whatever was undefined.

/Users/yzheng/Desktop/blr-pcp-formal-verification/.lake/build/blueprint/module/BlrPcp/Basic.artifacts/lem:ff-spectral-bound.tex:4: Missing $ inserted.
<inserted text> 
                $
l.4 \lean{BlrPcp.spectral_
                          lower_bound}
I've inserted a begin-math/end-math symbol since I think
you left one out. Proceed, with fingers crossed.

/Users/yzheng/Desktop/blr-pcp-formal-verification/.lake/build/blueprint/module/BlrPcp/Basic.artifacts/lem:ff-spectral-bound.tex:4: Extra }, or forgotten $.
l.4 \lean{BlrPcp.spectral_lower_bound}
                                      
I've deleted a group-closing symbol because it seems to be
spurious, as in `$x}$'. But perhaps the } is legitimate and
you forgot something else, as in `\hbox{$x}'. In such cases
the way to recover is to insert both the forgotten and the
deleted material, e.g., by typing `I$}'.

/Users/yzheng/Desktop/blr-pcp-formal-verification/.lake/build/blueprint/module/BlrPcp/Basic.artifacts/lem:ff-spectral-bound.tex:6: Undefined control sequence.
l.6 \leanok
           
The control sequence at the end of the top line
of your error message was never \def'ed. If you have
misspelled it (e.g., `\hobx'), type `I' and the correct
spelling (e.g., `I\hbox'). Otherwise just continue,
and I'll forget about whatever was undefined.

/Users/yzheng/Desktop/blr-pcp-formal-verification/.lake/build/blueprint/module/BlrPcp/Basic.artifacts/lem:ff-spectral-bound.tex:9: Missing $ inserted.
<inserted text> 
                $
l.9   $\Delta
             (f,\mathrm{LIN})$.
I've inserted a begin-math/end-math symbol since I think
you left one out. Proceed, with fingers crossed.


Overfull \hbox (270.49474pt too wide) in paragraph at lines 2--10
[]\OT1/cmr/bx/n/10 Theorem 11. \OT1/cmr/m/it/10 def:ff-blr-reject-prob []BlrPcp.spectral$[]\OML/cmm/m/it/10 ower[]oundAFourier \OMS/cmsy/m/n/10 ^^@ \OML/cmm/m/it/10 analyticcalculationshowsthattherejectionprobabilityofthefinite \OMS/cmsy/m/n/10 ^^@
 []

/Users/yzheng/Desktop/blr-pcp-formal-verification/.lake/build/blueprint/module/BlrPcp/Basic.artifacts/lem:ff-spectral-bound.tex:10: Missing } inserted.
<inserted text> 
                }
l.10 \end{theorem}
                  
I've inserted something that you may have forgotten.
(See the <inserted text> above.)
With luck, this will get me unwedged. But if you
really didn't forget anything, try typing `2' now; then
my insertion and my current dilemma will both disappear.

) (/Users/yzheng/Desktop/blr-pcp-formal-verification/.lake/build/blueprint/module/BlrPcp/Basic.artifacts/thm:ff-blr-improved-analysis.tex
/Users/yzheng/Desktop/blr-pcp-formal-verification/.lake/build/blueprint/module/BlrPcp/Basic.artifacts/thm:ff-blr-improved-analysis.tex:2: Undefined control sequence.
<recently read> \uses 
                      
l.2 \uses
         {def:ff-blr-reject-prob}
The control sequence at the end of the top line
of your error message was never \def'ed. If you have
misspelled it (e.g., `\hobx'), type `I' and the correct
spelling (e.g., `I\hbox'). Otherwise just continue,
and I'll forget about whatever was undefined.

/Users/yzheng/Desktop/blr-pcp-formal-verification/.lake/build/blueprint/module/BlrPcp/Basic.artifacts/thm:ff-blr-improved-analysis.tex:4: Undefined control sequence.
l.4 \lean
         {BlrPcp.improved_analysis_finite_fields}
The control sequence at the end of the top line
of your error message was never \def'ed. If you have
misspelled it (e.g., `\hobx'), type `I' and the correct
spelling (e.g., `I\hbox'). Otherwise just continue,
and I'll forget about whatever was undefined.

/Users/yzheng/Desktop/blr-pcp-formal-verification/.lake/build/blueprint/module/BlrPcp/Basic.artifacts/thm:ff-blr-improved-analysis.tex:4: Missing $ inserted.
<inserted text> 
                $
l.4 \lean{BlrPcp.improved_
                          analysis_finite_fields}
I've inserted a begin-math/end-math symbol since I think
you left one out. Proceed, with fingers crossed.

/Users/yzheng/Desktop/blr-pcp-formal-verification/.lake/build/blueprint/module/BlrPcp/Basic.artifacts/thm:ff-blr-improved-analysis.tex:4: Extra }, or forgotten $.
l.4 \lean{BlrPcp.improved_analysis_finite_fields}
                                                 
I've deleted a group-closing symbol because it seems to be
spurious, as in `$x}$'. But perhaps the } is legitimate and
you forgot something else, as in `\hbox{$x}'. In such cases
the way to recover is to insert both the forgotten and the
deleted material, e.g., by typing `I$}'.

/Users/yzheng/Desktop/blr-pcp-formal-verification/.lake/build/blueprint/module/BlrPcp/Basic.artifacts/thm:ff-blr-improved-analysis.tex:6: Undefined control sequence.
l.6 \leanok
           
The control sequence at the end of the top line
of your error message was never \def'ed. If you have
misspelled it (e.g., `\hobx'), type `I' and the correct
spelling (e.g., `I\hbox'). Otherwise just continue,
and I'll forget about whatever was undefined.

/Users/yzheng/Desktop/blr-pcp-formal-verification/.lake/build/blueprint/module/BlrPcp/Basic.artifacts/thm:ff-blr-improved-analysis.tex:7: Missing $ inserted.
<inserted text> 
                $
l.7 For every function $f : F^
                              n \to F$, the finite-field BLR test
I've inserted a begin-math/end-math symbol since I think
you left one out. Proceed, with fingers crossed.


Overfull \hbox (57.25836pt too wide) in paragraph at lines 2--9
[]\OT1/cmr/bx/n/10 Theorem 12. \OT1/cmr/m/it/10 def:ff-blr-reject-prob []BlrPcp.improved$[]\OML/cmm/m/it/10 nalysis[]inite[]ieldsForeveryfunction$\OT1/cmr/m/it/10 f
 []

/Users/yzheng/Desktop/blr-pcp-formal-verification/.lake/build/blueprint/module/BlrPcp/Basic.artifacts/thm:ff-blr-improved-analysis.tex:13: Missing } inserted.
<inserted text> 
                }
l.13 \end{theorem}
                  
I've inserted something that you may have forgotten.
(See the <inserted text> above.)
With luck, this will get me unwedged. But if you
really didn't forget anything, try typing `2' now; then
my insertion and my current dilemma will both disappear.

/Users/yzheng/Desktop/blr-pcp-formal-verification/.lake/build/blueprint/module/BlrPcp/Basic.artifacts/thm:ff-blr-improved-analysis.tex:15: Undefined control sequence.
<recently read> \uses 
                      
l.15 \uses
          {lem:ff-spectral-bound}
The control sequence at the end of the top line
of your error message was never \def'ed. If you have
misspelled it (e.g., `\hobx'), type `I' and the correct
spelling (e.g., `I\hbox'). Otherwise just continue,
and I'll forget about whatever was undefined.

/Users/yzheng/Desktop/blr-pcp-formal-verification/.lake/build/blueprint/module/BlrPcp/Basic.artifacts/thm:ff-blr-improved-analysis.tex:16: Undefined control sequence.
l.16 \leanok
            
The control sequence at the end of the top line
of your error message was never \def'ed. If you have
misspelled it (e.g., `\hobx'), type `I' and the correct
spelling (e.g., `I\hbox'). Otherwise just continue,
and I'll forget about whatever was undefined.

) (/Users/yzheng/Desktop/blr-pcp-formal-verification/.lake/build/blueprint/module/BlrPcp/Basic.artifacts/cor:ff-high-acceptance-close-to-linear.tex
/Users/yzheng/Desktop/blr-pcp-formal-verification/.lake/build/blueprint/module/BlrPcp/Basic.artifacts/cor:ff-high-acceptance-close-to-linear.tex:3: Undefined control sequence.
l.3 \lean
         {BlrPcp.almost_linear_of_high_acceptance}
The control sequence at the end of the top line
of your error message was never \def'ed. If you have
misspelled it (e.g., `\hobx'), type `I' and the correct
spelling (e.g., `I\hbox'). Otherwise just continue,
and I'll forget about whatever was undefined.

/Users/yzheng/Desktop/blr-pcp-formal-verification/.lake/build/blueprint/module/BlrPcp/Basic.artifacts/cor:ff-high-acceptance-close-to-linear.tex:3: Missing $ inserted.
<inserted text> 
                $
l.3 \lean{BlrPcp.almost_
                        linear_of_high_acceptance}
I've inserted a begin-math/end-math symbol since I think
you left one out. Proceed, with fingers crossed.

/Users/yzheng/Desktop/blr-pcp-formal-verification/.lake/build/blueprint/module/BlrPcp/Basic.artifacts/cor:ff-high-acceptance-close-to-linear.tex:3: Extra }, or forgotten $.
l.3 \lean{BlrPcp.almost_linear_of_high_acceptance}
                                                  
I've deleted a group-closing symbol because it seems to be
spurious, as in `$x}$'. But perhaps the } is legitimate and
you forgot something else, as in `\hbox{$x}'. In such cases
the way to recover is to insert both the forgotten and the
deleted material, e.g., by typing `I$}'.

/Users/yzheng/Desktop/blr-pcp-formal-verification/.lake/build/blueprint/module/BlrPcp/Basic.artifacts/cor:ff-high-acceptance-close-to-linear.tex:5: Undefined control sequence.
l.5 \leanok
           
The control sequence at the end of the top line
of your error message was never \def'ed. If you have
misspelled it (e.g., `\hobx'), type `I' and the correct
spelling (e.g., `I\hbox'). Otherwise just continue,
and I'll forget about whatever was undefined.

/Users/yzheng/Desktop/blr-pcp-formal-verification/.lake/build/blueprint/module/BlrPcp/Basic.artifacts/cor:ff-high-acceptance-close-to-linear.tex:7: Missing $ inserted.
<inserted text> 
                $
l.7   $1 - \varepsilon
                      $, then
I've inserted a begin-math/end-math symbol since I think
you left one out. Proceed, with fingers crossed.


Overfull \hbox (145.71165pt too wide) in paragraph at lines 3--8
[]\OT1/cmr/bx/n/10 Theorem 13. \OT1/cmr/m/it/10 BlrPcp.almost$[]\OML/cmm/m/it/10 inear[]f[]igh[]cceptanceIfthefinite \OMS/cmsy/m/n/10 ^^@ \OML/cmm/m/it/10 fieldBLRtestaccepts$\OT1/cmr/m/it/10 f$\OML/cmm/m/it/10 withprobabilityatleast$\OT1/cmr/m/it/10 1
 []

/Users/yzheng/Desktop/blr-pcp-formal-verification/.lake/build/blueprint/module/BlrPcp/Basic.artifacts/cor:ff-high-acceptance-close-to-linear.tex:11: Missing } inserted.
<inserted text> 
                }
l.11 \end{theorem}
                  
I've inserted something that you may have forgotten.
(See the <inserted text> above.)
With luck, this will get me unwedged. But if you
really didn't forget anything, try typing `2' now; then
my insertion and my current dilemma will both disappear.

/Users/yzheng/Desktop/blr-pcp-formal-verification/.lake/build/blueprint/module/BlrPcp/Basic.artifacts/cor:ff-high-acceptance-close-to-linear.tex:13: Undefined control sequence.
<recently read> \uses 
                      
l.13 \uses
          {thm:ff-blr-improved-analysis,def:ff-blr-reject-prob}
The control sequence at the end of the top line
of your error message was never \def'ed. If you have
misspelled it (e.g., `\hobx'), type `I' and the correct
spelling (e.g., `I\hbox'). Otherwise just continue,
and I'll forget about whatever was undefined.

/Users/yzheng/Desktop/blr-pcp-formal-verification/.lake/build/blueprint/module/BlrPcp/Basic.artifacts/cor:ff-high-acceptance-close-to-linear.tex:14: Undefined control sequence.
l.14 \leanok
            
The control sequence at the end of the top line
of your error message was never \def'ed. If you have
misspelled it (e.g., `\hobx'), type `I' and the correct
spelling (e.g., `I\hbox'). Otherwise just continue,
and I'll forget about whatever was undefined.

) (/Users/yzheng/Desktop/blr-pcp-formal-verification/.lake/build/blueprint/module/BlrPcp/Basic.artifacts/rem:q2-special-case.tex
/Users/yzheng/Desktop/blr-pcp-formal-verification/.lake/build/blueprint/module/BlrPcp/Basic.artifacts/rem:q2-special-case.tex:3: Undefined control sequence.
l.3 \lean
         {BlrPcp.boolean_special_case}
The control sequence at the end of the top line
of your error message was never \def'ed. If you have
misspelled it (e.g., `\hobx'), type `I' and the correct
spelling (e.g., `I\hbox'). Otherwise just continue,
and I'll forget about whatever was undefined.

/Users/yzheng/Desktop/blr-pcp-formal-verification/.lake/build/blueprint/module/BlrPcp/Basic.artifacts/rem:q2-special-case.tex:3: Missing $ inserted.
<inserted text> 
                $
l.3 \lean{BlrPcp.boolean_
                         special_case}
I've inserted a begin-math/end-math symbol since I think
you left one out. Proceed, with fingers crossed.

/Users/yzheng/Desktop/blr-pcp-formal-verification/.lake/build/blueprint/module/BlrPcp/Basic.artifacts/rem:q2-special-case.tex:3: Extra }, or forgotten $.
l.3 \lean{BlrPcp.boolean_special_case}
                                      
I've deleted a group-closing symbol because it seems to be
spurious, as in `$x}$'. But perhaps the } is legitimate and
you forgot something else, as in `\hbox{$x}'. In such cases
the way to recover is to insert both the forgotten and the
deleted material, e.g., by typing `I$}'.

/Users/yzheng/Desktop/blr-pcp-formal-verification/.lake/build/blueprint/module/BlrPcp/Basic.artifacts/rem:q2-special-case.tex:5: Undefined control sequence.
l.5 \leanok
           
The control sequence at the end of the top line
of your error message was never \def'ed. If you have
misspelled it (e.g., `\hobx'), type `I' and the correct
spelling (e.g., `I\hbox'). Otherwise just continue,
and I'll forget about whatever was undefined.


/Users/yzheng/Desktop/blr-pcp-formal-verification/.lake/build/blueprint/module/BlrPcp/Basic.artifacts/rem:q2-special-case.tex:8: LaTeX Error: Command \end{theorem} invalid in math mode.

See the LaTeX manual or LaTeX Companion for explanation.
Type  H <return>  for immediate help.
 ...                                              
                                                  
l.8 \end{theorem}
                 
Try typing  <return>  to proceed.
If that doesn't work, type  X <return>  to quit.

/Users/yzheng/Desktop/blr-pcp-formal-verification/.lake/build/blueprint/module/BlrPcp/Basic.artifacts/rem:q2-special-case.tex:8: Missing $ inserted.
<inserted text> 
                $
l.8 \end{theorem}
                 
I've inserted a begin-math/end-math symbol since I think
you left one out. Proceed, with fingers crossed.


Overfull \hbox (43.48813pt too wide) in paragraph at lines 3--8
[]\OT1/cmr/bx/n/10 Theorem 14. \OT1/cmr/m/it/10 BlrPcp.boolean$[]\OML/cmm/m/it/10 pecial[]aseWhen$\OT1/cmr/m/it/10 q = 2$\OML/cmm/m/it/10 ; thisreducestotheBooleanFourier \OMS/cmsy/m/n/10 ^^@
 []

/Users/yzheng/Desktop/blr-pcp-formal-verification/.lake/build/blueprint/module/BlrPcp/Basic.artifacts/rem:q2-special-case.tex:8: Missing } inserted.
<inserted text> 
                }
l.8 \end{theorem}
                 
I've inserted something that you may have forgotten.
(See the <inserted text> above.)
With luck, this will get me unwedged. But if you
really didn't forget anything, try typing `2' now; then
my insertion and my current dilemma will both disappear.

))

[2] (./web.aux)
 ***********
LaTeX2e <2025-06-01> patch level 1
L3 programming layer <2025-07-11>
 ***********


LaTeX Warning: Label(s) may have changed. Rerun to get cross-references right.


Package rerunfilecheck Warning: File `web.out' has changed.
(rerunfilecheck)                Rerun to get outlines right
(rerunfilecheck)                or use package `bookmark'.

Package rerunfilecheck Info: Checksums for `web.out':
(rerunfilecheck)             Before: <no file>
(rerunfilecheck)             After:  D41D8CD98F00B204E9800998ECF8427E;0.
 ) 
Here is how much of TeX's memory you used:
 9162 strings out of 467816
 152149 string characters out of 5432252
 546992 words of memory out of 5000000
 37632 multiletter control sequences out of 15000+600000
 634728 words of font info for 71 fonts, out of 8000000 for 9000
 1141 hyphenation exceptions out of 8191
 75i,6n,79p,600b,535s stack positions out of 10000i,1000n,20000p,200000b,200000s
</usr/local/texlive/2025/texmf-dist/fonts/type1/public/amsfonts/cm/cmbx10.pfb></usr/local/texlive/2025/texmf-dist/fonts/type1/public/amsfonts/cm/cmbx12.pfb></usr/local/texlive/2025/texmf-dist/fonts/type1/public/amsfonts/cm/cmex10.pfb></usr/local/texlive/2025/texmf-dist/fonts/type1/public/amsfonts/cm/cmmi10.pfb></usr/local/texlive/2025/texmf-dist/fonts/type1/public/amsfonts/cm/cmmi5.pfb></usr/local/texlive/2025/texmf-dist/fonts/type1/public/amsfonts/cm/cmmi7.pfb></usr/local/texlive/2025/texmf-dist/fonts/type1/public/amsfonts/cm/cmr10.pfb></usr/local/texlive/2025/texmf-dist/fonts/type1/public/amsfonts/cm/cmr12.pfb></usr/local/texlive/2025/texmf-dist/fonts/type1/public/amsfonts/cm/cmr17.pfb></usr/local/texlive/2025/texmf-dist/fonts/type1/public/amsfonts/cm/cmr7.pfb></usr/local/texlive/2025/texmf-dist/fonts/type1/public/amsfonts/cm/cmsy10.pfb></usr/local/texlive/2025/texmf-dist/fonts/type1/public/amsfonts/cm/cmsy5.pfb></usr/local/texlive/2025/texmf-dist/fonts/type1/public/amsfonts/cm/cmsy7.pfb></usr/local/texlive/2025/texmf-dist/fonts/type1/public/amsfonts/cm/cmti10.pfb></usr/local/texlive/2025/texmf-dist/fonts/type1/public/amsfonts/symbols/msbm10.pfb></usr/local/texlive/2025/texmf-dist/fonts/type1/public/amsfonts/symbols/msbm7.pfb>
Output written on web.pdf (4 pages, 178006 bytes).
PDF statistics:
 121 PDF objects out of 1000 (max. 8388607)
 82 compressed objects within 1 object stream
 18 named destinations out of 1000 (max. 500000)
 1 words of extra memory for PDF output out of 10000 (max. 10000000)

