{"synthetic": false,
 "schemaVersion": "2025-09-10",
 "outputs":
 {"o": ["8c899a59eb43852a.olean"],
  "m": false,
  "i": "030421f358926441.ilean",
  "c": "68a990003d7dbfe1.c"},
 "log":
 [{"message":
   ".> LEAN_PATH=/Users/yzheng/Desktop/blr-pcp-formal-verification/.lake/packages/Cli/.lake/build/lib/lean:/Users/yzheng/Desktop/blr-pcp-formal-verification/.lake/packages/batteries/.lake/build/lib/lean:/Users/yzheng/Desktop/blr-pcp-formal-verification/.lake/packages/Qq/.lake/build/lib/lean:/Users/yzheng/Desktop/blr-pcp-formal-verification/.lake/packages/aesop/.lake/build/lib/lean:/Users/yzheng/Desktop/blr-pcp-formal-verification/.lake/packages/proofwidgets/.lake/build/lib/lean:/Users/yzheng/Desktop/blr-pcp-formal-verification/.lake/packages/importGraph/.lake/build/lib/lean:/Users/yzheng/Desktop/blr-pcp-formal-verification/.lake/packages/LeanSearchClient/.lake/build/lib/lean:/Users/yzheng/Desktop/blr-pcp-formal-verification/.lake/packages/plausible/.lake/build/lib/lean:/Users/yzheng/Desktop/blr-pcp-formal-verification/.lake/packages/LeanArchitect/.lake/build/lib/lean:/Users/yzheng/Desktop/blr-pcp-formal-verification/.lake/packages/mathlib/.lake/build/lib/lean:/Users/yzheng/Desktop/blr-pcp-formal-verification/.lake/build/lib/lean /Users/yzheng/.elan/toolchains/leanprover--lean4---v4.30.0-rc1/bin/lean /Users/yzheng/Desktop/blr-pcp-formal-verification/BlrPcp.lean -o /Users/yzheng/Desktop/blr-pcp-formal-verification/.lake/build/lib/lean/BlrPcp.olean -i /Users/yzheng/Desktop/blr-pcp-formal-verification/.lake/build/lib/lean/BlrPcp.ilean -c /Users/yzheng/Desktop/blr-pcp-formal-verification/.lake/build/ir/BlrPcp.c --setup /Users/yzheng/Desktop/blr-pcp-formal-verification/.lake/build/ir/BlrPcp.setup.json --json",
   "level": "trace"}],
 "inputs":
 [["BlrPcp:deps",
   [["deps",
     [["BlrPcp/BlrPcp:extraDep", [["@BlrPcp:extraDep", "00000000000006bb"]]],
      ["imports",
       [["BlrPcp.Basic transitive imports (legacy)", "9a037bcc6e9ace51"],
        ["BlrPcp.Basic:importAllArts", "2e2d59c7f22cccdf"]]]]],
    ["libs",
     [["import dynlibs", "00000000000006bb"],
      ["package external libraries", "00000000000006bb"],
      ["module dynlibs", "00000000000006bb"],
      ["module plugins", "00000000000006bb"]]]]],
  ["Lean 4.30.0, commit 714601baf118066cbf3f282361339c6d06665b2a",
   "a22979b798cee25b"],
  ["/Users/yzheng/Desktop/blr-pcp-formal-verification/BlrPcp.lean",
   "090eeb5433ad9a22"],
  ["options", [["-Dwarn.sorry=false", "89cb3455e2a1823b"]]],
  ["isModule: false", "feefd2a0d3a1847e"],
  ["Module.name: BlrPcp", "dbef88d1791602f6"],
  ["Package.id?: (some BlrPcp)", "5bd5769918083a77"],
  ["Module.leanArgs: #[]", "00000000000006bb"]],
 "depHash": "ae4e609b643af878"}