{"synthetic": false,
 "schemaVersion": "2025-09-10",
 "outputs":
 {"o": ["be1bb76d3af7ded6.olean"],
  "m": false,
  "i": "2f2c079e1a0e9015.ilean",
  "c": "e1a5338cd4c153d3.c"},
 "log":
 [{"message":
   ".> LEAN_PATH=/Users/yzheng/Desktop/blr-pcp-formal-verification/.lake/packages/Cli/.lake/build/lib/lean:/Users/yzheng/Desktop/blr-pcp-formal-verification/.lake/packages/batteries/.lake/build/lib/lean:/Users/yzheng/Desktop/blr-pcp-formal-verification/.lake/packages/Qq/.lake/build/lib/lean:/Users/yzheng/Desktop/blr-pcp-formal-verification/.lake/packages/aesop/.lake/build/lib/lean:/Users/yzheng/Desktop/blr-pcp-formal-verification/.lake/packages/proofwidgets/.lake/build/lib/lean:/Users/yzheng/Desktop/blr-pcp-formal-verification/.lake/packages/importGraph/.lake/build/lib/lean:/Users/yzheng/Desktop/blr-pcp-formal-verification/.lake/packages/LeanSearchClient/.lake/build/lib/lean:/Users/yzheng/Desktop/blr-pcp-formal-verification/.lake/packages/plausible/.lake/build/lib/lean:/Users/yzheng/Desktop/blr-pcp-formal-verification/.lake/packages/LeanArchitect/.lake/build/lib/lean:/Users/yzheng/Desktop/blr-pcp-formal-verification/.lake/packages/mathlib/.lake/build/lib/lean:/Users/yzheng/Desktop/blr-pcp-formal-verification/.lake/build/lib/lean /Users/yzheng/.elan/toolchains/leanprover--lean4---v4.30.0-rc1/bin/lean /Users/yzheng/Desktop/blr-pcp-formal-verification/BlrPcp/Basic.lean -o /Users/yzheng/Desktop/blr-pcp-formal-verification/.lake/build/lib/lean/BlrPcp/Basic.olean -i /Users/yzheng/Desktop/blr-pcp-formal-verification/.lake/build/lib/lean/BlrPcp/Basic.ilean -c /Users/yzheng/Desktop/blr-pcp-formal-verification/.lake/build/ir/BlrPcp/Basic.c --setup /Users/yzheng/Desktop/blr-pcp-formal-verification/.lake/build/ir/BlrPcp/Basic.setup.json --json",
   "level": "trace"},
  {"message":
   "BlrPcp/Basic.lean:105:19: unused variable `f`\n\nNote: This linter can be disabled with `set_option linter.unusedVariables false`",
   "level": "warning"}],
 "inputs":
 [["BlrPcp.Basic:deps",
   [["deps",
     [["BlrPcp/BlrPcp:extraDep", [["@BlrPcp:extraDep", "00000000000006bb"]]],
      ["imports",
       [["Mathlib.Data.Fintype.BigOperators transitive imports (legacy)",
         "ed8b9e1ebb04009c"],
        ["Mathlib.Data.Fintype.BigOperators:importAllArts", "5a027f1f3fd381d4"],
        ["Mathlib.Algebra.BigOperators.Group.Finset.Basic transitive imports (legacy)",
         "d63ed1e489e6c4d8"],
        ["Mathlib.Algebra.BigOperators.Group.Finset.Basic:importAllArts",
         "b12a720d62f5b73c"],
        ["Mathlib.Data.ZMod.Basic transitive imports (legacy)",
         "0490802c9cfdf587"],
        ["Mathlib.Data.ZMod.Basic:importAllArts", "36252bc2058b1268"],
        ["Mathlib.Data.Real.Basic transitive imports (legacy)",
         "308caac000058a9b"],
        ["Mathlib.Data.Real.Basic:importAllArts", "2ee4a2935a5375fa"],
        ["Mathlib.Analysis.Complex.Polynomial.Basic transitive imports (legacy)",
         "9aa3a76342dc5af6"],
        ["Mathlib.Analysis.Complex.Polynomial.Basic:importAllArts",
         "eeb4a0e7bd276461"],
        ["Architect transitive imports (legacy)", "4968a08c8af6384d"],
        ["Architect:importAllArts", "5f461ddbe6c988e8"]]]]],
    ["libs",
     [["import dynlibs", "00000000000006bb"],
      ["package external libraries", "00000000000006bb"],
      ["module dynlibs", "00000000000006bb"],
      ["module plugins", "00000000000006bb"]]]]],
  ["Lean 4.30.0, commit 714601baf118066cbf3f282361339c6d06665b2a",
   "a22979b798cee25b"],
  ["/Users/yzheng/Desktop/blr-pcp-formal-verification/BlrPcp/Basic.lean",
   "d6c26a51c5b07c36"],
  ["options", [["-Dwarn.sorry=false", "89cb3455e2a1823b"]]],
  ["isModule: false", "feefd2a0d3a1847e"],
  ["Module.name: BlrPcp.Basic", "21877b29c0028670"],
  ["Package.id?: (some BlrPcp)", "5bd5769918083a77"],
  ["Module.leanArgs: #[]", "00000000000006bb"]],
 "depHash": "075b675a53836ae4"}